f:\src\facetrain\debug\facetrain.bsc
f:\src\facetrain\debug\facetrain.pch
f:\src\facetrain\debug\vc140.pdb
f:\src\facetrain\debug\vc140.idb
f:\src\facetrain\debug\stdafx.sbr
f:\src\facetrain\debug\stdafx.obj
f:\src\facetrain\debug\pgmimage.sbr
f:\src\facetrain\debug\imagenet.sbr
f:\src\facetrain\debug\facetrain.sbr
f:\src\facetrain\debug\backprop.sbr
f:\src\facetrain\debug\backprop.obj
f:\src\facetrain\debug\facetrain.obj
f:\src\facetrain\debug\imagenet.obj
f:\src\facetrain\debug\pgmimage.obj
f:\src\facetrain\debug\facetrain.ilk
f:\src\facetrain\debug\facetrain.exe
f:\src\facetrain\debug\facetrain.pdb
f:\src\facetrain\debug\facetrain.res
f:\src\facetrain\.\debug\facetrain.exe
f:\src\facetrain\debug\facetrain.tlog\bscmake.command.1.tlog
f:\src\facetrain\debug\facetrain.tlog\bscmake.read.1.tlog
f:\src\facetrain\debug\facetrain.tlog\bscmake.write.1.tlog
f:\src\facetrain\debug\facetrain.tlog\cl.command.1.tlog
f:\src\facetrain\debug\facetrain.tlog\cl.read.1.tlog
f:\src\facetrain\debug\facetrain.tlog\cl.write.1.tlog
f:\src\facetrain\debug\facetrain.tlog\link.command.1.tlog
f:\src\facetrain\debug\facetrain.tlog\link.read.1.tlog
f:\src\facetrain\debug\facetrain.tlog\link.write.1.tlog
f:\src\facetrain\debug\facetrain.tlog\rc.command.1.tlog
f:\src\facetrain\debug\facetrain.tlog\rc.read.1.tlog
f:\src\facetrain\debug\facetrain.tlog\rc.write.1.tlog
